#
# A fatal error has been detected by the Java Runtime Environment:
#
#  Internal Error (javaCalls.cpp:51), pid=7392, tid=0x0000000000002994
#  guarantee(thread->is_Java_thread()) failed: crucial check - the VM thread cannot and must not escape to Java code
#
# JRE version: Java(TM) SE Runtime Environment (8.0_261-b12) (build 1.8.0_261-b12)
# Java VM: Java HotSpot(TM) 64-Bit Server VM (25.261-b12 mixed mode windows-amd64 compressed oops)
# Failed to write core dump. Minidumps are not enabled by default on client versions of Windows
#
# If you would like to submit a bug report, please visit:
#   http://bugreport.java.com/bugreport/crash.jsp
#

---------------  T H R E A D  ---------------

Current thread (0x0000021612fd4800):  VMThread [stack: 0x0000006a0c400000,0x0000006a0c500000] [id=10644]

Stack: [0x0000006a0c400000,0x0000006a0c500000]
Native frames: (J=compiled Java code, j=interpreted, Vv=VM code, C=native code)
V  [jvm.dll+0x33e5f9]
V  [jvm.dll+0x2850e2]
V  [jvm.dll+0x285d8d]
V  [jvm.dll+0x27c817]
V  [jvm.dll+0x21aedd]
V  [jvm.dll+0x21b527]
V  [jvm.dll+0x33e512]
V  [jvm.dll+0x21bb51]
V  [jvm.dll+0x27d995]
V  [jvm.dll+0x27dbdd]
V  [jvm.dll+0x27dd29]
V  [jvm.dll+0x11aa58]
V  [jvm.dll+0x119fd3]
V  [jvm.dll+0x11889c]
V  [jvm.dll+0x118df3]
V  [jvm.dll+0x11635a]
V  [jvm.dll+0x1154ea]
V  [jvm.dll+0xdccbb]
V  [jvm.dll+0xdd864]
V  [jvm.dll+0x1222f4]
V  [jvm.dll+0x145520]
V  [jvm.dll+0x1c9491]
V  [jvm.dll+0x255637]
V  [jvm.dll+0x253da5]
V  [jvm.dll+0x25451c]
V  [jvm.dll+0x25482c]
V  [jvm.dll+0x2a1cfc]
C  [ucrtbase.dll+0x21bb2]
C  [KERNEL32.DLL+0x17034]
C  [ntdll.dll+0x52651]

VM_Operation (0x0000006a0caff590): GetOrSetLocal, mode: safepoint, requested by thread 0x0000021613033000


---------------  P R O C E S S  ---------------

Java Threads: ( => current thread )
  0x0000021613f88000 JavaThread "Service Thread" daemon [_thread_blocked, id=10968, stack(0x0000006a0d000000,0x0000006a0d100000)]
  0x000002161311e000 JavaThread "C1 CompilerThread2" daemon [_thread_blocked, id=12176, stack(0x0000006a0cf00000,0x0000006a0d000000)]
  0x000002161311b000 JavaThread "C2 CompilerThread1" daemon [_thread_blocked, id=12108, stack(0x0000006a0ce00000,0x0000006a0cf00000)]
  0x000002161311a000 JavaThread "C2 CompilerThread0" daemon [_thread_blocked, id=4704, stack(0x0000006a0cd00000,0x0000006a0ce00000)]
  0x0000021613039000 JavaThread "JDWP Command Reader" daemon [_thread_in_native, id=8636, stack(0x0000006a0cc00000,0x0000006a0cd00000)]
  0x0000021613037000 JavaThread "JDWP Event Helper Thread" daemon [_thread_blocked, id=10108, stack(0x0000006a0cb00000,0x0000006a0cc00000)]
  0x0000021613033000 JavaThread "JDWP Transport Listener: dt_socket" daemon [_thread_blocked, id=5632, stack(0x0000006a0ca00000,0x0000006a0cb00000)]
  0x0000021613012000 JavaThread "Attach Listener" daemon [_thread_blocked, id=12096, stack(0x0000006a0c800000,0x0000006a0c900000)]
  0x0000021613011000 JavaThread "Signal Dispatcher" daemon [_thread_blocked, id=11192, stack(0x0000006a0c700000,0x0000006a0c800000)]
  0x000002167f989000 JavaThread "Finalizer" daemon [_thread_blocked, id=9948, stack(0x0000006a0c600000,0x0000006a0c700000)]
  0x000002167f985000 JavaThread "Reference Handler" daemon [_thread_blocked, id=9584, stack(0x0000006a0c500000,0x0000006a0c600000)]
  0x000002167c917000 JavaThread "main" [_thread_blocked, id=7012, stack(0x0000006a0bf00000,0x0000006a0c000000)]

Other Threads:
=>0x0000021612fd4800 VMThread [stack: 0x0000006a0c400000,0x0000006a0c500000] [id=10644]
  0x000002161312e000 WatcherThread [stack: 0x0000006a0d100000,0x0000006a0d200000] [id=5144]

VM state:at safepoint (normal execution)

VM Mutex/Monitor currently owned by a thread:  ([mutex/lock_event])
[0x000002167c915750] Threads_lock - owner thread: 0x0000021612fd4800

heap address: 0x0000000081a00000, size: 2022 MB, Compressed Oops mode: 32-bit
Narrow klass base: 0x0000000000000000, Narrow klass shift: 3
Compressed class space size: 1073741824 Address: 0x0000000100000000

Heap:
 PSYoungGen      total 38400K, used 6018K [0x00000000d5e00000, 0x00000000d8880000, 0x0000000100000000)
  eden space 33280K, 18% used [0x00000000d5e00000,0x00000000d63e0b00,0x00000000d7e80000)
  from space 5120K, 0% used [0x00000000d8380000,0x00000000d8380000,0x00000000d8880000)
  to   space 5120K, 0% used [0x00000000d7e80000,0x00000000d7e80000,0x00000000d8380000)
 ParOldGen       total 87552K, used 0K [0x0000000081a00000, 0x0000000086f80000, 0x00000000d5e00000)
  object space 87552K, 0% used [0x0000000081a00000,0x0000000081a00000,0x0000000086f80000)
 Metaspace       used 4859K, capacity 4994K, committed 5248K, reserved 1056768K
  class space    used 525K, capacity 561K, committed 640K, reserved 1048576K

Card table byte_map: [0x000002167e5b0000,0x000002167e9b0000] byte_map_base: 0x000002167e1a3000

Marking Bits: (ParMarkBitMap*) 0x0000000060194fb0
 Begin Bits: [0x000002160f000000, 0x0000021610f98000)
 End Bits:   [0x0000021610f98000, 0x0000021612f30000)

Polling page: 0x000002167e1c0000

CodeCache: size=245760Kb used=1378Kb max_used=1378Kb free=244382Kb
 bounds [0x0000021600000000, 0x0000021600270000, 0x000002160f000000]
 total_blobs=423 nmethods=134 adapters=210
 compilation: enabled

Compilation events (10 events):
Event: 0.308 Thread 0x000002161311e000  129       3       java.util.ArrayList$Itr::next (66 bytes)
Event: 0.309 Thread 0x000002161311e000 nmethod 129 0x0000021600157410 code [0x00000216001575e0, 0x0000021600157ad0]
Event: 0.309 Thread 0x000002161311e000  130       3       java.util.ArrayList$Itr::checkForComodification (23 bytes)
Event: 0.309 Thread 0x000002161311e000 nmethod 130 0x0000021600157dd0 code [0x0000021600157f40, 0x0000021600158170]
Event: 0.309 Thread 0x000002161311e000  132       3       java.util.Arrays::copyOf (13 bytes)
Event: 0.309 Thread 0x000002161311e000 nmethod 132 0x0000021600158290 code [0x0000021600158400, 0x0000021600158630]
Event: 47.165 Thread 0x000002161311e000  133       1       java.util.ArrayList::access$000 (5 bytes)
Event: 47.165 Thread 0x000002161311e000 nmethod 133 0x0000021600158710 code [0x0000021600158860, 0x0000021600158958]
Event: 49.646 Thread 0x000002161311e000  134       3       java.util.ArrayList$Itr::hasNext (20 bytes)
Event: 49.646 Thread 0x000002161311e000 nmethod 134 0x00000216001589d0 code [0x0000021600158b20, 0x0000021600158cf8]

GC Heap History (0 events):
No events

Deoptimization events (0 events):
No events

Classes redefined (2 events):
Event: 526.394 Thread 0x0000021612fd4800 redefined class name=unb.modules.process.scheduling.AlgorithmSJF, count=1
Event: 573.491 Thread 0x0000021612fd4800 redefined class name=unb.modules.process.scheduling.AlgorithmSJF, count=2

Internal exceptions (2 events):
Event: 0.035 Thread 0x000002167c917000 Exception <a 'java/lang/NoSuchMethodError': Method sun.misc.Unsafe.defineClass(Ljava/lang/String;[BII)Ljava/lang/Class; name or signature does not match> (0x00000000d5e07cc0) thrown at [C:\jenkins\workspace\8-2-build-windows-amd64-cygwin\jdk8u261\295\hots
Event: 0.035 Thread 0x000002167c917000 Exception <a 'java/lang/NoSuchMethodError': Method sun.misc.Unsafe.prefetchRead(Ljava/lang/Object;J)V name or signature does not match> (0x00000000d5e07fa8) thrown at [C:\jenkins\workspace\8-2-build-windows-amd64-cygwin\jdk8u261\295\hotspot\src\share\vm\p

Events (10 events):
Event: 573.509 Executing VM operation: GetCurrentContendedMonitor done
Event: 573.509 Executing VM operation: GetOwnedMonitorInfo
Event: 573.509 Executing VM operation: GetOwnedMonitorInfo done
Event: 573.509 Executing VM operation: GetCurrentContendedMonitor
Event: 573.509 Executing VM operation: GetCurrentContendedMonitor done
Event: 573.509 Executing VM operation: GetCurrentContendedMonitor
Event: 573.510 Executing VM operation: GetCurrentContendedMonitor done
Event: 573.510 Executing VM operation: GetOwnedMonitorInfo
Event: 573.510 Executing VM operation: GetOwnedMonitorInfo done
Event: 573.537 Executing VM operation: GetOrSetLocal


Dynamic libraries:
0x00007ff6a4260000 - 0x00007ff6a42a7000 	C:\Program Files\Java\jre1.8.0_261\bin\javaw.exe
0x00007ffbb6810000 - 0x00007ffbb6a05000 	C:\WINDOWS\SYSTEM32\ntdll.dll
0x00007ffbb4a10000 - 0x00007ffbb4acd000 	C:\WINDOWS\System32\KERNEL32.DLL
0x00007ffbb4540000 - 0x00007ffbb4808000 	C:\WINDOWS\System32\KERNELBASE.dll
0x00007ffbb5930000 - 0x00007ffbb59dc000 	C:\WINDOWS\System32\ADVAPI32.dll
0x00007ffbb5d30000 - 0x00007ffbb5dce000 	C:\WINDOWS\System32\msvcrt.dll
0x00007ffbb4b80000 - 0x00007ffbb4c1b000 	C:\WINDOWS\System32\sechost.dll
0x00007ffbb5730000 - 0x00007ffbb585b000 	C:\WINDOWS\System32\RPCRT4.dll
0x00007ffbb4870000 - 0x00007ffbb4a10000 	C:\WINDOWS\System32\USER32.dll
0x00007ffbb4370000 - 0x00007ffbb4392000 	C:\WINDOWS\System32\win32u.dll
0x00007ffbb6240000 - 0x00007ffbb626a000 	C:\WINDOWS\System32\GDI32.dll
0x00007ffbb4000000 - 0x00007ffbb410b000 	C:\WINDOWS\System32\gdi32full.dll
0x00007ffbb43a0000 - 0x00007ffbb443d000 	C:\WINDOWS\System32\msvcp_win.dll
0x00007ffbb4270000 - 0x00007ffbb4370000 	C:\WINDOWS\System32\ucrtbase.dll
0x00007ffb96300000 - 0x00007ffb9659a000 	C:\WINDOWS\WinSxS\amd64_microsoft.windows.common-controls_6595b64144ccf1df_6.0.19041.844_none_ca00b6081b84eb1d\COMCTL32.dll
0x00007ffbb5c30000 - 0x00007ffbb5c60000 	C:\WINDOWS\System32\IMM32.DLL
0x00007ffbaf010000 - 0x00007ffbaf025000 	C:\Program Files\Java\jre1.8.0_261\bin\vcruntime140.dll
0x00007ffba5ff0000 - 0x00007ffba608b000 	C:\Program Files\Java\jre1.8.0_261\bin\msvcp140.dll
0x000000005f9a0000 - 0x000000006020c000 	C:\Program Files\Java\jre1.8.0_261\bin\server\jvm.dll
0x00007ffbb4ca0000 - 0x00007ffbb4ca8000 	C:\WINDOWS\System32\PSAPI.DLL
0x00007ffbadb50000 - 0x00007ffbadb59000 	C:\WINDOWS\SYSTEM32\WSOCK32.dll
0x00007ffbb5c60000 - 0x00007ffbb5ccb000 	C:\WINDOWS\System32\WS2_32.dll
0x00007ffba21b0000 - 0x00007ffba21d7000 	C:\WINDOWS\SYSTEM32\WINMM.dll
0x00007ffbb2d80000 - 0x00007ffbb2d8a000 	C:\WINDOWS\SYSTEM32\VERSION.dll
0x00007ffbb2d40000 - 0x00007ffbb2d52000 	C:\WINDOWS\SYSTEM32\kernel.appcore.dll
0x00007ffbadb40000 - 0x00007ffbadb50000 	C:\Program Files\Java\jre1.8.0_261\bin\verify.dll
0x00007ffb799b0000 - 0x00007ffb799db000 	C:\Program Files\Java\jre1.8.0_261\bin\java.dll
0x00007ffba6330000 - 0x00007ffba6366000 	C:\Program Files\Java\jre1.8.0_261\bin\jdwp.dll
0x00007ffba6690000 - 0x00007ffba6699000 	C:\Program Files\Java\jre1.8.0_261\bin\npt.dll
0x00007ffba5f60000 - 0x00007ffba5f92000 	C:\Program Files\Java\jre1.8.0_261\bin\instrument.dll
0x00007ffbad940000 - 0x00007ffbad958000 	C:\Program Files\Java\jre1.8.0_261\bin\zip.dll
0x00007ffbb4dd0000 - 0x00007ffbb5512000 	C:\WINDOWS\System32\SHELL32.dll
0x00007ffbb25a0000 - 0x00007ffbb2d31000 	C:\WINDOWS\SYSTEM32\windows.storage.dll
0x00007ffbb6320000 - 0x00007ffbb6675000 	C:\WINDOWS\System32\combase.dll
0x00007ffbb3950000 - 0x00007ffbb397c000 	C:\WINDOWS\SYSTEM32\Wldp.dll
0x00007ffbb6270000 - 0x00007ffbb631e000 	C:\WINDOWS\System32\SHCORE.dll
0x00007ffbb5cd0000 - 0x00007ffbb5d25000 	C:\WINDOWS\System32\shlwapi.dll
0x00007ffbb3e90000 - 0x00007ffbb3eaf000 	C:\WINDOWS\SYSTEM32\profapi.dll
0x00007ffba6680000 - 0x00007ffba668a000 	C:\Program Files\Java\jre1.8.0_261\bin\dt_socket.dll
0x00007ffb87cf0000 - 0x00007ffb87d07000 	C:\WINDOWS\system32\napinsp.dll
0x00007ffb7f400000 - 0x00007ffb7f41b000 	C:\WINDOWS\system32\pnrpnsp.dll
0x00007ffb9ef40000 - 0x00007ffb9ef55000 	C:\WINDOWS\system32\wshbth.dll
0x00007ffbaffb0000 - 0x00007ffbaffcd000 	C:\WINDOWS\system32\NLAapi.dll
0x00007ffbb33b0000 - 0x00007ffbb33eb000 	C:\WINDOWS\SYSTEM32\IPHLPAPI.DLL
0x00007ffbb36c0000 - 0x00007ffbb372a000 	C:\WINDOWS\System32\mswsock.dll
0x00007ffbb33f0000 - 0x00007ffbb34bc000 	C:\WINDOWS\SYSTEM32\DNSAPI.dll
0x00007ffbb6740000 - 0x00007ffbb6748000 	C:\WINDOWS\System32\NSI.dll
0x00007ffb7b9d0000 - 0x00007ffb7b9e2000 	C:\WINDOWS\System32\winrnr.dll
0x00007ffbae840000 - 0x00007ffbae8bf000 	C:\WINDOWS\System32\fwpuclnt.dll
0x00007ffbb4490000 - 0x00007ffbb44b7000 	C:\WINDOWS\System32\bcrypt.dll
0x00007ffbad920000 - 0x00007ffbad92a000 	C:\Windows\System32\rasadhlp.dll
0x00007ffba0340000 - 0x00007ffba0524000 	C:\WINDOWS\SYSTEM32\dbghelp.dll
0x00007ffbb44c0000 - 0x00007ffbb4540000 	C:\WINDOWS\System32\bcryptPrimitives.dll

VM Arguments:
jvm_args: -agentlib:jdwp=transport=dt_socket,suspend=y,address=localhost:52022 -javaagent:C:\Users\rafael.souza\eclipse\java-2020-06\eclipse\configuration\org.eclipse.osgi\222\0\.cp\lib\javaagent-shaded.jar -Dfile.encoding=UTF-8 
java_command: unb.App
java_class_path (initial): C:\Users\rafael.souza\Documents\materias_UnB\SO\target\classes;C:\Users\rafael.souza\eclipse\java-2020-06\eclipse\configuration\org.eclipse.osgi\222\0\.cp\lib\javaagent-shaded.jar
Launcher Type: SUN_STANDARD

Environment Variables:
JAVA_HOME=C:\Program Files\Java\jdk1.8.0_261
PATH=C:/Program Files/Java/jre1.8.0_261/bin/server;C:/Program Files/Java/jre1.8.0_261/bin;C:/Program Files/Java/jre1.8.0_261/lib/amd64;C:\Python39\Scripts\;C:\Python39\;C:\Program Files (x86)\Common Files\Oracle\Java\javapath;C:\WINDOWS\system32;C:\WINDOWS;C:\WINDOWS\System32\Wbem;C:\WINDOWS\System32\WindowsPowerShell\v1.0\;C:\WINDOWS\System32\OpenSSH\;C:\Program Files\TortoiseSVN\bin;C:\Program Files (x86)\IBM\RationalSDLC\clearcase\RemoteClient\cteapis;C:\Program Files\Git\cmd;C:\MinGW\bin;C:\Program Files\Microsoft SQL Server\130\Tools\Binn\;C:\Program Files\PuTTY\;C:\Program Files\nodejs\;C:\ProgramData\chocolatey\bin;C:\Users\rafael.souza\AppData\Local\Microsoft\WindowsApps;;C:\Users\rafael.souza\AppData\Local\Programs\Microsoft VS Code\bin;C:\Users\rafael.souza\AppData\Roaming\npm;C:\Users\rafael.souza\Desktop;
USERNAME=rafael.souza
OS=Windows_NT
PROCESSOR_IDENTIFIER=Intel64 Family 6 Model 158 Stepping 9, GenuineIntel



---------------  S Y S T E M  ---------------

OS: Windows 10.0 , 64 bit Build 19041 (10.0.19041.928)

CPU:total 4 (initial active 4) (4 cores per cpu, 1 threads per core) family 6 model 158 stepping 9, cmov, cx8, fxsr, mmx, sse, sse2, sse3, ssse3, sse4.1, sse4.2, popcnt, avx, avx2, aes, clmul, erms, 3dnowpref, lzcnt, tsc, tscinvbit, bmi1, bmi2, adx

Memory: 4k page, physical 8274348k(3087160k free), swap 10633644k(3654660k free)

vm_info: Java HotSpot(TM) 64-Bit Server VM (25.261-b12) for windows-amd64 JRE (1.8.0_261-b12), built on Jun 18 2020 06:56:32 by "" with unknown MS VC++:1916

time: Fri May  7 14:15:00 2021
timezone: Hora oficial do Brasil
elapsed time: 573 seconds (0d 0h 9m 33s)

